[2025-06-06 09:42:42Z INFO HostContext] No proxy settings were found based on environmental variables (http_proxy/https_proxy/HTTP_PROXY/HTTPS_PROXY)
[2025-06-06 09:42:42Z INFO HostContext] Well known directory 'Bin': 'C:\Users\Yanis\Desktop\3WA\Docker\Prometheus-graphana-TP\actions-runner\bin'
[2025-06-06 09:42:42Z INFO HostContext] Well known directory 'Root': 'C:\Users\Yanis\Desktop\3WA\Docker\Prometheus-graphana-TP\actions-runner'
[2025-06-06 09:42:42Z INFO HostContext] Well known config file 'Credentials': 'C:\Users\Yanis\Desktop\3WA\Docker\Prometheus-graphana-TP\actions-runner\.credentials'
[2025-06-06 09:42:42Z INFO HostContext] Well known directory 'Bin': 'C:\Users\Yanis\Desktop\3WA\Docker\Prometheus-graphana-TP\actions-runner\bin'
[2025-06-06 09:42:42Z INFO HostContext] Well known directory 'Root': 'C:\Users\Yanis\Desktop\3WA\Docker\Prometheus-graphana-TP\actions-runner'
[2025-06-06 09:42:42Z INFO HostContext] Well known config file 'Runner': 'C:\Users\Yanis\Desktop\3WA\Docker\Prometheus-graphana-TP\actions-runner\.runner'
[2025-06-06 09:42:42Z INFO Listener] Runner is built for Windows (X64) - win-x64.
[2025-06-06 09:42:42Z INFO Listener] RuntimeInformation: Microsoft Windows 10.0.26100.
[2025-06-06 09:42:42Z INFO Listener] Version: 2.325.0
[2025-06-06 09:42:42Z INFO Listener] Commit: 71ed7cd46223bd5d61633445946813012b502d54
[2025-06-06 09:42:42Z INFO Listener] Culture: en-US
[2025-06-06 09:42:42Z INFO Listener] UI Culture: en-US
[2025-06-06 09:42:42Z INFO HostContext] Well known directory 'Bin': 'C:\Users\Yanis\Desktop\3WA\Docker\Prometheus-graphana-TP\actions-runner\bin'
[2025-06-06 09:42:42Z INFO HostContext] Well known directory 'Root': 'C:\Users\Yanis\Desktop\3WA\Docker\Prometheus-graphana-TP\actions-runner'
[2025-06-06 09:42:42Z INFO Listener] Validating directory permissions for: 'C:\Users\Yanis\Desktop\3WA\Docker\Prometheus-graphana-TP\actions-runner'
[2025-06-06 09:42:42Z INFO CommandLineParser] Parse
[2025-06-06 09:42:42Z INFO CommandLineParser] Parsing 1 args
[2025-06-06 09:42:42Z INFO CommandLineParser] parsing argument
[2025-06-06 09:42:42Z INFO CommandLineParser] HasArgs: False
[2025-06-06 09:42:42Z INFO CommandLineParser] Adding Command: run
[2025-06-06 09:42:42Z INFO Listener] Arguments parsed
[2025-06-06 09:42:42Z INFO Runner] ExecuteCommand
[2025-06-06 09:42:42Z INFO ConfigurationStore] currentAssemblyLocation: C:\Users\Yanis\Desktop\3WA\Docker\Prometheus-graphana-TP\actions-runner\bin\Runner.Listener.dll
[2025-06-06 09:42:42Z INFO HostContext] Well known directory 'Bin': 'C:\Users\Yanis\Desktop\3WA\Docker\Prometheus-graphana-TP\actions-runner\bin'
[2025-06-06 09:42:42Z INFO ConfigurationStore] binPath: C:\Users\Yanis\Desktop\3WA\Docker\Prometheus-graphana-TP\actions-runner\bin
[2025-06-06 09:42:42Z INFO HostContext] Well known directory 'Bin': 'C:\Users\Yanis\Desktop\3WA\Docker\Prometheus-graphana-TP\actions-runner\bin'
[2025-06-06 09:42:42Z INFO HostContext] Well known directory 'Root': 'C:\Users\Yanis\Desktop\3WA\Docker\Prometheus-graphana-TP\actions-runner'
[2025-06-06 09:42:42Z INFO ConfigurationStore] RootFolder: C:\Users\Yanis\Desktop\3WA\Docker\Prometheus-graphana-TP\actions-runner
[2025-06-06 09:42:42Z INFO HostContext] Well known directory 'Bin': 'C:\Users\Yanis\Desktop\3WA\Docker\Prometheus-graphana-TP\actions-runner\bin'
[2025-06-06 09:42:42Z INFO HostContext] Well known directory 'Root': 'C:\Users\Yanis\Desktop\3WA\Docker\Prometheus-graphana-TP\actions-runner'
[2025-06-06 09:42:42Z INFO HostContext] Well known config file 'Runner': 'C:\Users\Yanis\Desktop\3WA\Docker\Prometheus-graphana-TP\actions-runner\.runner'
[2025-06-06 09:42:42Z INFO ConfigurationStore] ConfigFilePath: C:\Users\Yanis\Desktop\3WA\Docker\Prometheus-graphana-TP\actions-runner\.runner
[2025-06-06 09:42:42Z INFO HostContext] Well known directory 'Bin': 'C:\Users\Yanis\Desktop\3WA\Docker\Prometheus-graphana-TP\actions-runner\bin'
[2025-06-06 09:42:42Z INFO HostContext] Well known directory 'Root': 'C:\Users\Yanis\Desktop\3WA\Docker\Prometheus-graphana-TP\actions-runner'
[2025-06-06 09:42:42Z INFO HostContext] Well known config file 'MigratedRunner': 'C:\Users\Yanis\Desktop\3WA\Docker\Prometheus-graphana-TP\actions-runner\.runner_migrated'
[2025-06-06 09:42:42Z INFO ConfigurationStore] MigratedConfigFilePath: C:\Users\Yanis\Desktop\3WA\Docker\Prometheus-graphana-TP\actions-runner\.runner_migrated
[2025-06-06 09:42:42Z INFO HostContext] Well known directory 'Bin': 'C:\Users\Yanis\Desktop\3WA\Docker\Prometheus-graphana-TP\actions-runner\bin'
[2025-06-06 09:42:42Z INFO HostContext] Well known directory 'Root': 'C:\Users\Yanis\Desktop\3WA\Docker\Prometheus-graphana-TP\actions-runner'
[2025-06-06 09:42:42Z INFO HostContext] Well known config file 'Credentials': 'C:\Users\Yanis\Desktop\3WA\Docker\Prometheus-graphana-TP\actions-runner\.credentials'
[2025-06-06 09:42:42Z INFO ConfigurationStore] CredFilePath: C:\Users\Yanis\Desktop\3WA\Docker\Prometheus-graphana-TP\actions-runner\.credentials
[2025-06-06 09:42:42Z INFO HostContext] Well known directory 'Bin': 'C:\Users\Yanis\Desktop\3WA\Docker\Prometheus-graphana-TP\actions-runner\bin'
[2025-06-06 09:42:42Z INFO HostContext] Well known directory 'Root': 'C:\Users\Yanis\Desktop\3WA\Docker\Prometheus-graphana-TP\actions-runner'
[2025-06-06 09:42:42Z INFO HostContext] Well known config file 'MigratedCredentials': 'C:\Users\Yanis\Desktop\3WA\Docker\Prometheus-graphana-TP\actions-runner\.credentials_migrated'
[2025-06-06 09:42:42Z INFO ConfigurationStore] MigratedCredFilePath: C:\Users\Yanis\Desktop\3WA\Docker\Prometheus-graphana-TP\actions-runner\.credentials_migrated
[2025-06-06 09:42:42Z INFO HostContext] Well known directory 'Bin': 'C:\Users\Yanis\Desktop\3WA\Docker\Prometheus-graphana-TP\actions-runner\bin'
[2025-06-06 09:42:42Z INFO HostContext] Well known directory 'Root': 'C:\Users\Yanis\Desktop\3WA\Docker\Prometheus-graphana-TP\actions-runner'
[2025-06-06 09:42:42Z INFO HostContext] Well known config file 'Service': 'C:\Users\Yanis\Desktop\3WA\Docker\Prometheus-graphana-TP\actions-runner\.service'
[2025-06-06 09:42:42Z INFO ConfigurationStore] ServiceConfigFilePath: C:\Users\Yanis\Desktop\3WA\Docker\Prometheus-graphana-TP\actions-runner\.service
[2025-06-06 09:42:42Z INFO CommandSettings] Flag 'help': 'False'
[2025-06-06 09:42:42Z INFO CommandSettings] Flag 'version': 'False'
[2025-06-06 09:42:42Z INFO CommandSettings] Flag 'commit': 'False'
[2025-06-06 09:42:42Z INFO CommandSettings] Flag 'check': 'False'
[2025-06-06 09:42:42Z INFO CommandSettings] Command 'configure': 'False'
[2025-06-06 09:42:42Z INFO CommandSettings] Command 'remove': 'False'
[2025-06-06 09:42:42Z INFO CommandSettings] Command 'warmup': 'False'
[2025-06-06 09:42:42Z INFO ConfigurationManager] LoadSettings
[2025-06-06 09:42:42Z INFO ConfigurationStore] IsConfigured()
[2025-06-06 09:42:42Z INFO ConfigurationStore] IsConfigured: True
[2025-06-06 09:42:42Z INFO ConfigurationManager] Is configured: True
[2025-06-06 09:42:42Z INFO ConfigurationStore] Read setting file: 395 chars
[2025-06-06 09:42:42Z INFO ConfigurationManager] Settings Loaded
[2025-06-06 09:42:42Z INFO ConfigurationStore] IsServiceConfigured()
[2025-06-06 09:42:42Z INFO ConfigurationStore] IsServiceConfigured: False
[2025-06-06 09:42:42Z INFO CommandSettings] Command 'run': 'True'
[2025-06-06 09:42:42Z INFO ConfigurationStore] IsConfigured()
[2025-06-06 09:42:42Z INFO ConfigurationStore] IsConfigured: True
[2025-06-06 09:42:42Z INFO ConfigurationManager] Is configured: True
[2025-06-06 09:42:42Z INFO Runner] Could not parse the argument value '' for StartupType. Defaulting to Manual
[2025-06-06 09:42:42Z INFO Runner] Set runner startup type - Manual
[2025-06-06 09:42:42Z INFO CommandSettings] Flag 'once': 'False'
[2025-06-06 09:42:42Z INFO CommandSettings] Flag 'once': 'False'
[2025-06-06 09:42:42Z INFO Runner] RunAsync
[2025-06-06 09:42:42Z INFO ConfigurationManager] LoadMigratedSettings
[2025-06-06 09:42:42Z INFO ConfigurationStore] IsMigratedConfigured()
[2025-06-06 09:42:42Z INFO ConfigurationStore] IsMigratedConfigured: False
[2025-06-06 09:42:42Z INFO Runner] Failed to load migrated settings: No migrated configuration found.
[2025-06-06 09:42:42Z INFO Runner] Falling back to original .runner settings
[2025-06-06 09:42:42Z INFO Runner] Using BrokerMessageListener
[2025-06-06 09:42:42Z INFO BrokerMessageListener] Using provided settings
[2025-06-06 09:42:42Z INFO BrokerMessageListener] {
  "AgentId": 2,
  "AgentName": "DESKTOP-0GT25V9",
  "PoolId": 1,
  "PoolName": "Default",
  "ServerUrl": "https://pipelinesghubeus4.actions.githubusercontent.com/LCgOGQIreaz9lehNxNm4yhnUli7kSGWoOQNtj8ZjXh3i7FC9TN/",
  "GitHubUrl": "https://github.com/Yatraxy/PromGraph",
  "WorkFolder": "_work",
  "UseV2Flow": true,
  "ServerUrlV2": "https://broker.actions.githubusercontent.com/"
}
[2025-06-06 09:42:42Z INFO BrokerMessageListener] Loading Credentials
[2025-06-06 09:42:42Z INFO ConfigurationStore] HasCredentials()
[2025-06-06 09:42:42Z INFO ConfigurationStore] stored True
[2025-06-06 09:42:42Z INFO CredentialManager] GetCredentialProvider
[2025-06-06 09:42:42Z INFO CredentialManager] Creating type OAuth
[2025-06-06 09:42:42Z INFO CredentialManager] Creating credential type: OAuth
[2025-06-06 09:42:42Z INFO HostContext] Well known directory 'Bin': 'C:\Users\Yanis\Desktop\3WA\Docker\Prometheus-graphana-TP\actions-runner\bin'
[2025-06-06 09:42:42Z INFO HostContext] Well known directory 'Root': 'C:\Users\Yanis\Desktop\3WA\Docker\Prometheus-graphana-TP\actions-runner'
[2025-06-06 09:42:42Z INFO HostContext] Well known config file 'RSACredentials': 'C:\Users\Yanis\Desktop\3WA\Docker\Prometheus-graphana-TP\actions-runner\.credentials_rsaparams'
[2025-06-06 09:42:42Z INFO RSAEncryptedFileKeyManager] Loading RSA key parameters from file C:\Users\Yanis\Desktop\3WA\Docker\Prometheus-graphana-TP\actions-runner\.credentials_rsaparams
[2025-06-06 09:42:42Z INFO BrokerMessageListener] Attempt to create session.
[2025-06-06 09:42:42Z INFO BrokerMessageListener] Connecting to the Broker Server...
[2025-06-06 09:42:42Z INFO ConfigurationStore] HasCredentials()
[2025-06-06 09:42:42Z INFO ConfigurationStore] stored True
[2025-06-06 09:42:42Z INFO CredentialManager] GetCredentialProvider
[2025-06-06 09:42:42Z INFO CredentialManager] Creating type OAuth
[2025-06-06 09:42:42Z INFO CredentialManager] Creating credential type: OAuth
[2025-06-06 09:42:42Z INFO RSAEncryptedFileKeyManager] Loading RSA key parameters from file C:\Users\Yanis\Desktop\3WA\Docker\Prometheus-graphana-TP\actions-runner\.credentials_rsaparams
[2025-06-06 09:42:42Z INFO BrokerMessageListener] VssConnection created
[2025-06-06 09:42:42Z INFO BrokerMessageListener] Connecting to the Runner server...
[2025-06-06 09:42:42Z INFO RunnerServer] EstablishVssConnection
[2025-06-06 09:42:42Z INFO RunnerServer] Establish connection with 100 seconds timeout.
[2025-06-06 09:42:42Z INFO GitHubActionsService] Starting operation Location.GetConnectionData
[2025-06-06 09:42:42Z INFO RunnerServer] EstablishVssConnection
[2025-06-06 09:42:42Z INFO RunnerServer] Establish connection with 60 seconds timeout.
[2025-06-06 09:42:42Z INFO GitHubActionsService] Starting operation Location.GetConnectionData
[2025-06-06 09:42:42Z INFO RunnerServer] EstablishVssConnection
[2025-06-06 09:42:42Z INFO RunnerServer] Establish connection with 60 seconds timeout.
[2025-06-06 09:42:42Z INFO GitHubActionsService] Starting operation Location.GetConnectionData
[2025-06-06 09:42:43Z INFO GitHubActionsService] Finished operation Location.GetConnectionData
[2025-06-06 09:42:43Z INFO GitHubActionsService] Finished operation Location.GetConnectionData
[2025-06-06 09:42:43Z INFO GitHubActionsService] Finished operation Location.GetConnectionData
[2025-06-06 09:42:43Z INFO BrokerMessageListener] VssConnection created
[2025-06-06 09:42:43Z INFO Terminal] WRITE LINE: 
[2025-06-06 09:42:43Z INFO Terminal] WRITE LINE: 
[2025-06-06 09:42:43Z INFO RSAEncryptedFileKeyManager] Loading RSA key parameters from file C:\Users\Yanis\Desktop\3WA\Docker\Prometheus-graphana-TP\actions-runner\.credentials_rsaparams
[2025-06-06 09:42:43Z INFO RSAEncryptedFileKeyManager] Loading RSA key parameters from file C:\Users\Yanis\Desktop\3WA\Docker\Prometheus-graphana-TP\actions-runner\.credentials_rsaparams
[2025-06-06 09:42:43Z INFO GitHubActionsService] AAD Correlation ID for this token request: Unknown
[2025-06-06 09:42:44Z INFO BrokerMessageListener] Session created.
[2025-06-06 09:42:44Z INFO Terminal] WRITE LINE: Current runner version: '2.325.0'
[2025-06-06 09:42:44Z INFO Terminal] WRITE LINE: 2025-06-06 09:42:44Z: Listening for Jobs
[2025-06-06 09:42:44Z INFO JobDispatcher] Set runner/worker IPC timeout to 30 seconds.
[2025-06-06 09:48:55Z INFO ConfigurationStore] HasCredentials()
[2025-06-06 09:48:55Z INFO ConfigurationStore] stored True
[2025-06-06 09:48:55Z INFO CredentialManager] GetCredentialProvider
[2025-06-06 09:48:55Z INFO CredentialManager] Creating type OAuth
[2025-06-06 09:48:55Z INFO CredentialManager] Creating credential type: OAuth
[2025-06-06 09:48:55Z INFO RSAEncryptedFileKeyManager] Loading RSA key parameters from file C:\Users\Yanis\Desktop\3WA\Docker\Prometheus-graphana-TP\actions-runner\.credentials_rsaparams
[2025-06-06 09:48:55Z INFO RSAEncryptedFileKeyManager] Loading RSA key parameters from file C:\Users\Yanis\Desktop\3WA\Docker\Prometheus-graphana-TP\actions-runner\.credentials_rsaparams
[2025-06-06 09:48:55Z INFO RSAEncryptedFileKeyManager] Loading RSA key parameters from file C:\Users\Yanis\Desktop\3WA\Docker\Prometheus-graphana-TP\actions-runner\.credentials_rsaparams
[2025-06-06 09:48:55Z INFO GitHubActionsService] AAD Correlation ID for this token request: Unknown
[2025-06-06 09:48:56Z INFO JobDispatcher] Job request 0 for plan fab1189e-ccc4-4316-b224-18dc3ce684a9 job ecf7c2be-069b-58fb-be1d-8d000cc2b3f2 received.
[2025-06-06 09:48:56Z INFO BrokerMessageListener] Received job status event. JobState: Busy
[2025-06-06 09:48:56Z INFO BrokerMessageListener] _getMessagesTokenSource is already disposed.
[2025-06-06 09:48:56Z INFO Terminal] WRITE LINE: 2025-06-06 09:48:56Z: Running job: deploy
[2025-06-06 09:48:56Z INFO JobDispatcher] Start renew job request 0 for job ecf7c2be-069b-58fb-be1d-8d000cc2b3f2.
[2025-06-06 09:48:56Z INFO JobDispatcher] Successfully renew job ecf7c2be-069b-58fb-be1d-8d000cc2b3f2, job is valid till 6/6/2025 9:58:56 AM
[2025-06-06 09:48:56Z INFO HostContext] Well known directory 'Bin': 'C:\Users\Yanis\Desktop\3WA\Docker\Prometheus-graphana-TP\actions-runner\bin'
[2025-06-06 09:48:56Z INFO ProcessInvokerWrapper] Starting process:
[2025-06-06 09:48:56Z INFO ProcessInvokerWrapper]   File name: 'C:\Users\Yanis\Desktop\3WA\Docker\Prometheus-graphana-TP\actions-runner\bin\Runner.Worker.exe'
[2025-06-06 09:48:56Z INFO ProcessInvokerWrapper]   Arguments: 'spawnclient 1604 1680'
[2025-06-06 09:48:56Z INFO ProcessInvokerWrapper]   Working directory: 'C:\Users\Yanis\Desktop\3WA\Docker\Prometheus-graphana-TP\actions-runner\bin'
[2025-06-06 09:48:56Z INFO ProcessInvokerWrapper]   Require exit code zero: 'False'
[2025-06-06 09:48:56Z INFO ProcessInvokerWrapper]   Encoding web name:  ; code page: ''
[2025-06-06 09:48:56Z INFO ProcessInvokerWrapper]   Force kill process on cancellation: 'True'
[2025-06-06 09:48:56Z INFO ProcessInvokerWrapper]   Redirected STDIN: 'False'
[2025-06-06 09:48:56Z INFO ProcessInvokerWrapper]   Persist current code page: 'False'
[2025-06-06 09:48:56Z INFO ProcessInvokerWrapper]   Keep redirected STDIN open: 'False'
[2025-06-06 09:48:56Z INFO ProcessInvokerWrapper]   High priority process: 'True'
[2025-06-06 09:48:57Z INFO ProcessInvokerWrapper] Process started with process id 31932, waiting for process exit.
[2025-06-06 09:48:57Z INFO JobDispatcher] Send job request message to worker for job ecf7c2be-069b-58fb-be1d-8d000cc2b3f2.
[2025-06-06 09:48:57Z INFO ProcessChannel] Sending message of length 20759, with hash 'c32120ab1d619143dd8534a52fd9f9122bc5ded4fc2100c75428f168fb53db40'
[2025-06-06 09:48:58Z INFO JobNotification] Entering JobStarted Notification
[2025-06-06 09:48:58Z INFO JobNotification] Entering StartMonitor
[2025-06-06 09:49:11Z INFO ProcessInvokerWrapper] STDOUT/STDERR stream read finished.
[2025-06-06 09:49:11Z INFO ProcessInvokerWrapper] STDOUT/STDERR stream read finished.
[2025-06-06 09:49:11Z INFO ProcessInvokerWrapper] Finished process 31932 with exit code 102, and elapsed time 00:00:14.5432077.
[2025-06-06 09:49:11Z INFO JobDispatcher] Worker finished for job ecf7c2be-069b-58fb-be1d-8d000cc2b3f2. Code: 102
[2025-06-06 09:49:11Z INFO JobDispatcher] finish job request for job ecf7c2be-069b-58fb-be1d-8d000cc2b3f2 with result: Failed
[2025-06-06 09:49:11Z INFO Terminal] WRITE LINE: 2025-06-06 09:49:11Z: Job deploy completed with result: Failed
[2025-06-06 09:49:11Z INFO JobDispatcher] Stop renew job request for job ecf7c2be-069b-58fb-be1d-8d000cc2b3f2.
[2025-06-06 09:49:11Z INFO JobDispatcher] job renew has been cancelled, stop renew job ecf7c2be-069b-58fb-be1d-8d000cc2b3f2.
[2025-06-06 09:49:11Z INFO JobNotification] Entering JobCompleted Notification
[2025-06-06 09:49:11Z INFO JobNotification] Entering EndMonitor
[2025-06-06 09:49:11Z INFO BrokerMessageListener] Received job status event. JobState: Online
[2025-06-06 09:49:11Z WARN GitHubActionsService] GET request to https://broker.actions.githubusercontent.com/message?sessionId=d58344d9-8120-41fa-8eb3-8c2f17e3e6a4&status=Busy&runnerVersion=2.325.0&os=Windows&architecture=X64&disableUpdate=false has been cancelled.
[2025-06-06 09:49:11Z ERR  BrokerServer] Catch exception during request
[2025-06-06 09:49:11Z ERR  BrokerServer] System.Threading.Tasks.TaskCanceledException: The operation was canceled.
 ---> System.Threading.Tasks.TaskCanceledException: The operation was canceled.
 ---> System.IO.IOException: Unable to read data from the transport connection: The I/O operation has been aborted because of either a thread exit or an application request..
 ---> System.Net.Sockets.SocketException (995): The I/O operation has been aborted because of either a thread exit or an application request.
   --- End of inner exception stack trace ---
   at System.Net.Sockets.Socket.AwaitableSocketAsyncEventArgs.ThrowException(SocketError error, CancellationToken cancellationToken)
   at System.Net.Sockets.Socket.AwaitableSocketAsyncEventArgs.System.Threading.Tasks.Sources.IValueTaskSource<System.Int32>.GetResult(Int16 token)
   at System.Net.Security.SslStream.EnsureFullTlsFrameAsync[TIOAdapter](CancellationToken cancellationToken, Int32 estimatedSize)
   at System.Runtime.CompilerServices.PoolingAsyncValueTaskMethodBuilder`1.StateMachineBox`1.System.Threading.Tasks.Sources.IValueTaskSource<TResult>.GetResult(Int16 token)
   at System.Net.Security.SslStream.ReadAsyncInternal[TIOAdapter](Memory`1 buffer, CancellationToken cancellationToken)
   at System.Runtime.CompilerServices.PoolingAsyncValueTaskMethodBuilder`1.StateMachineBox`1.System.Threading.Tasks.Sources.IValueTaskSource<TResult>.GetResult(Int16 token)
   at System.Net.Http.HttpConnection.SendAsync(HttpRequestMessage request, Boolean async, CancellationToken cancellationToken)
   --- End of inner exception stack trace ---
   at System.Net.Http.HttpConnection.SendAsync(HttpRequestMessage request, Boolean async, CancellationToken cancellationToken)
   at System.Net.Http.AuthenticationHelper.SendWithNtAuthAsync(HttpRequestMessage request, Uri authUri, Boolean async, ICredentials credentials, Boolean isProxyAuth, HttpConnection connection, HttpConnectionPool connectionPool, CancellationToken cancellationToken)
   at System.Net.Http.HttpConnectionPool.SendWithVersionDetectionAndRetryAsync(HttpRequestMessage request, Boolean async, Boolean doRequestAuth, CancellationToken cancellationToken)
   at System.Net.Http.AuthenticationHelper.SendWithAuthAsync(HttpRequestMessage request, Uri authUri, Boolean async, ICredentials credentials, Boolean preAuthenticate, Boolean isProxyAuth, Boolean doRequestAuth, HttpConnectionPool pool, CancellationToken cancellationToken)
   at System.Net.Http.RedirectHandler.SendAsync(HttpRequestMessage request, Boolean async, CancellationToken cancellationToken)
   at GitHub.Services.Common.RawHttpMessageHandler.SendAsync(HttpRequestMessage request, CancellationToken cancellationToken)
   at GitHub.Services.Common.VssHttpRetryMessageHandler.SendAsync(HttpRequestMessage request, CancellationToken cancellationToken)
   at System.Net.Http.HttpClient.<SendAsync>g__Core|83_0(HttpRequestMessage request, HttpCompletionOption completionOption, CancellationTokenSource cts, Boolean disposeCts, CancellationTokenSource pendingRequestsCts, CancellationToken originalCancellationToken)
   --- End of inner exception stack trace ---
   at System.Net.Http.HttpClient.HandleFailure(Exception e, Boolean telemetryStarted, HttpResponseMessage response, CancellationTokenSource cts, CancellationToken cancellationToken, CancellationTokenSource pendingRequestsCts)
   at System.Net.Http.HttpClient.<SendAsync>g__Core|83_0(HttpRequestMessage request, HttpCompletionOption completionOption, CancellationTokenSource cts, Boolean disposeCts, CancellationTokenSource pendingRequestsCts, CancellationToken originalCancellationToken)
   at Sdk.WebApi.WebApi.RawHttpClientBase.SendAsync(HttpRequestMessage message, HttpCompletionOption completionOption, Object userState, CancellationToken cancellationToken)
   at Sdk.WebApi.WebApi.RawHttpClientBase.SendAsync[T](HttpRequestMessage message, Boolean readErrorBody, Object userState, CancellationToken cancellationToken)
   at Sdk.WebApi.WebApi.RawHttpClientBase.SendAsync[T](HttpMethod method, IEnumerable`1 additionalHeaders, Uri requestUri, HttpContent content, IEnumerable`1 queryParameters, Boolean readErrorBody, Object userState, CancellationToken cancellationToken)
   at GitHub.Actions.RunService.WebApi.BrokerHttpClient.GetRunnerMessageAsync(Nullable`1 sessionId, String runnerVersion, Nullable`1 status, String os, String architecture, Nullable`1 disableUpdate, CancellationToken cancellationToken)
   at GitHub.Runner.Common.BrokerServer.<>c__DisplayClass7_0.<<GetRunnerMessageAsync>b__0>d.MoveNext()
--- End of stack trace from previous location ---
   at GitHub.Runner.Common.RunnerService.RetryRequest[T](Func`1 func, CancellationToken cancellationToken, Int32 maxRetryAttemptsCount, Func`2 shouldRetry)
[2025-06-06 09:49:11Z ERR  BrokerServer] #####################################################
[2025-06-06 09:49:11Z ERR  BrokerServer] System.Threading.Tasks.TaskCanceledException: The operation was canceled.
 ---> System.IO.IOException: Unable to read data from the transport connection: The I/O operation has been aborted because of either a thread exit or an application request..
 ---> System.Net.Sockets.SocketException (995): The I/O operation has been aborted because of either a thread exit or an application request.
   --- End of inner exception stack trace ---
   at System.Net.Sockets.Socket.AwaitableSocketAsyncEventArgs.ThrowException(SocketError error, CancellationToken cancellationToken)
   at System.Net.Sockets.Socket.AwaitableSocketAsyncEventArgs.System.Threading.Tasks.Sources.IValueTaskSource<System.Int32>.GetResult(Int16 token)
   at System.Net.Security.SslStream.EnsureFullTlsFrameAsync[TIOAdapter](CancellationToken cancellationToken, Int32 estimatedSize)
   at System.Runtime.CompilerServices.PoolingAsyncValueTaskMethodBuilder`1.StateMachineBox`1.System.Threading.Tasks.Sources.IValueTaskSource<TResult>.GetResult(Int16 token)
   at System.Net.Security.SslStream.ReadAsyncInternal[TIOAdapter](Memory`1 buffer, CancellationToken cancellationToken)
   at System.Runtime.CompilerServices.PoolingAsyncValueTaskMethodBuilder`1.StateMachineBox`1.System.Threading.Tasks.Sources.IValueTaskSource<TResult>.GetResult(Int16 token)
   at System.Net.Http.HttpConnection.SendAsync(HttpRequestMessage request, Boolean async, CancellationToken cancellationToken)
   --- End of inner exception stack trace ---
   at System.Net.Http.HttpConnection.SendAsync(HttpRequestMessage request, Boolean async, CancellationToken cancellationToken)
   at System.Net.Http.AuthenticationHelper.SendWithNtAuthAsync(HttpRequestMessage request, Uri authUri, Boolean async, ICredentials credentials, Boolean isProxyAuth, HttpConnection connection, HttpConnectionPool connectionPool, CancellationToken cancellationToken)
   at System.Net.Http.HttpConnectionPool.SendWithVersionDetectionAndRetryAsync(HttpRequestMessage request, Boolean async, Boolean doRequestAuth, CancellationToken cancellationToken)
   at System.Net.Http.AuthenticationHelper.SendWithAuthAsync(HttpRequestMessage request, Uri authUri, Boolean async, ICredentials credentials, Boolean preAuthenticate, Boolean isProxyAuth, Boolean doRequestAuth, HttpConnectionPool pool, CancellationToken cancellationToken)
   at System.Net.Http.RedirectHandler.SendAsync(HttpRequestMessage request, Boolean async, CancellationToken cancellationToken)
   at GitHub.Services.Common.RawHttpMessageHandler.SendAsync(HttpRequestMessage request, CancellationToken cancellationToken)
   at GitHub.Services.Common.VssHttpRetryMessageHandler.SendAsync(HttpRequestMessage request, CancellationToken cancellationToken)
   at System.Net.Http.HttpClient.<SendAsync>g__Core|83_0(HttpRequestMessage request, HttpCompletionOption completionOption, CancellationTokenSource cts, Boolean disposeCts, CancellationTokenSource pendingRequestsCts, CancellationToken originalCancellationToken)
[2025-06-06 09:49:11Z ERR  BrokerServer] #####################################################
[2025-06-06 09:49:11Z ERR  BrokerServer] System.IO.IOException: Unable to read data from the transport connection: The I/O operation has been aborted because of either a thread exit or an application request..
 ---> System.Net.Sockets.SocketException (995): The I/O operation has been aborted because of either a thread exit or an application request.
   --- End of inner exception stack trace ---
   at System.Net.Sockets.Socket.AwaitableSocketAsyncEventArgs.ThrowException(SocketError error, CancellationToken cancellationToken)
   at System.Net.Sockets.Socket.AwaitableSocketAsyncEventArgs.System.Threading.Tasks.Sources.IValueTaskSource<System.Int32>.GetResult(Int16 token)
   at System.Net.Security.SslStream.EnsureFullTlsFrameAsync[TIOAdapter](CancellationToken cancellationToken, Int32 estimatedSize)
   at System.Runtime.CompilerServices.PoolingAsyncValueTaskMethodBuilder`1.StateMachineBox`1.System.Threading.Tasks.Sources.IValueTaskSource<TResult>.GetResult(Int16 token)
   at System.Net.Security.SslStream.ReadAsyncInternal[TIOAdapter](Memory`1 buffer, CancellationToken cancellationToken)
   at System.Runtime.CompilerServices.PoolingAsyncValueTaskMethodBuilder`1.StateMachineBox`1.System.Threading.Tasks.Sources.IValueTaskSource<TResult>.GetResult(Int16 token)
   at System.Net.Http.HttpConnection.SendAsync(HttpRequestMessage request, Boolean async, CancellationToken cancellationToken)
[2025-06-06 09:49:11Z ERR  BrokerServer] #####################################################
[2025-06-06 09:49:11Z ERR  BrokerServer] System.Net.Sockets.SocketException (995): The I/O operation has been aborted because of either a thread exit or an application request.
[2025-06-06 09:49:11Z WARN BrokerServer] Back off 9.836 seconds before next retry. 4 attempt left.
[2025-06-06 09:49:11Z INFO BrokerMessageListener] Get messages has been cancelled using local token source. Continue to get messages with new status.
